<?xml version="1.0" encoding="UTF-8"?>
<!-- Generated by org.testng.reporters.JUnitReportReporter -->
<testsuite hostname="DESKTOP-1SSOFLA" failures="0" tests="3" name="TestRunner.Runner" time="44.640" errors="3" timestamp="2023-03-08T10:46:55 IST" skipped="0">
  <testcase classname="TestRunner.Runner" name="runScenario" time="12.609">
    <error message="Input must be set" type="java.lang.IllegalArgumentException">
      <![CDATA[java.lang.IllegalArgumentException: Input must be set
at org.openqa.selenium.internal.Require.nonNull(Require.java:59)
at org.openqa.selenium.support.ui.FluentWait.<init>(FluentWait.java:97)
at org.openqa.selenium.support.ui.WebDriverWait.<init>(WebDriverWait.java:77)
at org.openqa.selenium.support.ui.WebDriverWait.<init>(WebDriverWait.java:46)
at Utilities.Utility.waitForElement(Utility.java:54)
at Scenarios.Login.LoginToamazon(Login.java:13)
at StepDefinitions.StepDefinition.i_login_using_my_phone_number(StepDefinition.java:29)
at ✽.I login using my phone number "XXXXXXXXXX" and password "xxxxxxxx"(file:///C:/Users/DELL/eclipse-workspace/Flipkart_Automation/src/main/java/Features/feature.feature:7)
]]>
    </error>
  </testcase> <!-- runScenario -->
  <system-out/>
  <testcase classname="TestRunner.Runner" name="runScenario" time="18.090">
    <error message="Input must be set" type="java.lang.IllegalArgumentException">
      <![CDATA[java.lang.IllegalArgumentException: Input must be set
at org.openqa.selenium.internal.Require.nonNull(Require.java:59)
at org.openqa.selenium.support.ui.FluentWait.<init>(FluentWait.java:97)
at org.openqa.selenium.support.ui.WebDriverWait.<init>(WebDriverWait.java:77)
at org.openqa.selenium.support.ui.WebDriverWait.<init>(WebDriverWait.java:46)
at Utilities.Utility.waitForElement(Utility.java:54)
at Scenarios.Login.LoginToamazon(Login.java:13)
at StepDefinitions.StepDefinition.i_login_using_my_phone_number(StepDefinition.java:29)
at ✽.I login using my phone number "XXXXXXXXXX" and password "xxxxxxxx"(file:///C:/Users/DELL/eclipse-workspace/Flipkart_Automation/src/main/java/Features/feature.feature:7)
]]>
    </error>
  </testcase> <!-- runScenario -->
  <system-out/>
  <testcase classname="TestRunner.Runner" name="runScenario" time="13.941">
    <error message="Input must be set" type="java.lang.IllegalArgumentException">
      <![CDATA[java.lang.IllegalArgumentException: Input must be set
at org.openqa.selenium.internal.Require.nonNull(Require.java:59)
at org.openqa.selenium.support.ui.FluentWait.<init>(FluentWait.java:97)
at org.openqa.selenium.support.ui.WebDriverWait.<init>(WebDriverWait.java:77)
at org.openqa.selenium.support.ui.WebDriverWait.<init>(WebDriverWait.java:46)
at Utilities.Utility.waitForElement(Utility.java:54)
at Scenarios.Login.LoginToamazon(Login.java:13)
at StepDefinitions.StepDefinition.i_login_using_my_phone_number(StepDefinition.java:29)
at ✽.I login using my phone number "XXXXXXXXXX" and password "xxxxxxxx"(file:///C:/Users/DELL/eclipse-workspace/Flipkart_Automation/src/main/java/Features/feature.feature:7)
]]>
    </error>
  </testcase> <!-- runScenario -->
  <system-out/>
</testsuite> <!-- TestRunner.Runner -->
