<?xml version="1.0" encoding="UTF-8"?>
<!-- Generated by org.testng.reporters.JUnitReportReporter -->
<testsuite hostname="DESKTOP-1SSOFLA" failures="0" tests="2" name="TestRunner.Runner" time="98.211" errors="0" timestamp="2023-03-13T17:42:34 IST" skipped="0">
  <testcase classname="TestRunner.Runner" name="runScenario" time="34.616"/>
  <system-out/>
  <testcase classname="TestRunner.Runner" name="runScenario" time="63.595"/>
  <system-out/>
</testsuite> <!-- TestRunner.Runner -->
