<?xml version="1.0" encoding="UTF-8"?>
<!-- Generated by org.testng.reporters.JUnitReportReporter -->
<testsuite hostname="DESKTOP-1SSOFLA" failures="0" tests="1" name="TestRunner.Runner$TestNGRunner" time="0.096" errors="0" timestamp="2023-03-06T10:36:39 IST" skipped="0">
  <testcase classname="TestRunner.Runner$TestNGRunner" name="runScenario" time="0.096"/>
  <system-out/>
</testsuite> <!-- TestRunner.Runner$TestNGRunner -->
