<?xml version="1.0" encoding="UTF-8"?>
<!-- Generated by org.testng.reporters.JUnitReportReporter -->
<testsuite hostname="DESKTOP-1SSOFLA" failures="0" tests="3" name="TestRunner.Runner" time="113.213" errors="0" timestamp="2023-03-21T11:14:47 IST" skipped="0">
  <testcase classname="TestRunner.Runner" name="runScenario" time="35.686"/>
  <system-out/>
  <testcase classname="TestRunner.Runner" name="runScenario" time="35.580"/>
  <system-out/>
  <testcase classname="TestRunner.Runner" name="runScenario" time="41.947"/>
  <system-out/>
</testsuite> <!-- TestRunner.Runner -->
